<?xml version="1.0" encoding="utf-8"?><testsuites name="pytest tests"><testsuite name="pytest" errors="0" failures="0" skipped="3" tests="17" time="5.494" timestamp="2026-08-16T11:15:58.634298+00:00" hostname="agent-env-71d36ec7-1959-4813-91d8-c6cbd78ec5dd"><testcase classname="tests.test_p2_endpoints" name="test_auth_login_admin" time="0.439" /><testcase classname="tests.test_p2_endpoints" name="test_auth_login_employee" time="0.108"><skipped type="pytest.skip" message="employee login failed: 422 {&quot;detail&quot;:[{&quot;type&quot;:&quot;value_error&quot;,&quot;loc&quot;:[&quot;body&quot;,&quot;email&quot;],&quot;msg&quot;:&quot;value is not a valid email address: The part after the @-sign is a special-use or reserved name that cannot be used with email.&quot;,&quot;input&quot;:">/app/backend/tests/test_p2_endpoints.py:57: employee login failed: 422 {"detail":[{"type":"value_error","loc":["body","email"],"msg":"value is not a valid email address: The part after the @-sign is a special-use or reserved name that cannot be used with email.","input":</skipped></testcase><testcase classname="tests.test_p2_endpoints" name="test_registry_discover_all" time="2.795" /><testcase classname="tests.test_p2_endpoints" name="test_runtime_state" time="0.110" /><testcase classname="tests.test_p2_endpoints" name="test_runtime_override_employee_forbidden" time="0.000"><skipped type="pytest.skip" message="employee login failed: 422 {&quot;detail&quot;:[{&quot;type&quot;:&quot;value_error&quot;,&quot;loc&quot;:[&quot;body&quot;,&quot;email&quot;],&quot;msg&quot;:&quot;value is not a valid email address: The part after the @-sign is a special-use or reserved name that cannot be used with email.&quot;,&quot;input&quot;:">/app/backend/tests/test_p2_endpoints.py:96: employee login failed: 422 {"detail":[{"type":"value_error","loc":["body","email"],"msg":"value is not a valid email address: The part after the @-sign is a special-use or reserved name that cannot be used with email.","input":</skipped></testcase><testcase classname="tests.test_p2_endpoints" name="test_runtime_override_admin_ok" time="0.104" /><testcase classname="tests.test_p2_endpoints" name="test_events_emit_and_verify" time="0.195" /><testcase classname="tests.test_p2_endpoints" name="test_events_verify_tampered" time="0.197" /><testcase classname="tests.test_p2_endpoints" name="test_learning_proposal_draft_and_approve" time="0.000"><skipped type="pytest.skip" message="employee login failed: 422 {&quot;detail&quot;:[{&quot;type&quot;:&quot;value_error&quot;,&quot;loc&quot;:[&quot;body&quot;,&quot;email&quot;],&quot;msg&quot;:&quot;value is not a valid email address: The part after the @-sign is a special-use or reserved name that cannot be used with email.&quot;,&quot;input&quot;:">/app/backend/tests/test_p2_endpoints.py:148: employee login failed: 422 {"detail":[{"type":"value_error","loc":["body","email"],"msg":"value is not a valid email address: The part after the @-sign is a special-use or reserved name that cannot be used with email.","input":</skipped></testcase><testcase classname="tests.test_p2_endpoints" name="test_finance_loop" time="0.097" /><testcase classname="tests.test_p2_endpoints" name="test_people_loop" time="0.094" /><testcase classname="tests.test_p2_endpoints" name="test_regression_command_center" time="0.117" /><testcase classname="tests.test_p2_endpoints" name="test_regression_registry_repos" time="0.103" /><testcase classname="tests.test_p2_endpoints" name="test_regression_notarizations" time="0.101" /><testcase classname="tests.test_p2_endpoints" name="test_regression_contracts" time="0.100" /><testcase classname="tests.test_p2_endpoints" name="test_regression_adapter_laurentia" time="0.223" /><testcase classname="tests.test_p2_endpoints" name="test_regression_adapter_wallet" time="0.235" /></testsuite></testsuites>