<?xml version="1.0" encoding="utf-8"?><testsuites name="pytest tests"><testsuite name="pytest" errors="0" failures="0" skipped="0" tests="17" time="7.767" timestamp="2026-08-16T11:18:56.536882+00:00" hostname="agent-env-71d36ec7-1959-4813-91d8-c6cbd78ec5dd"><testcase classname="tests.test_p2_endpoints" name="test_auth_login_admin" time="0.401" /><testcase classname="tests.test_p2_endpoints" name="test_auth_login_employee" time="0.322" /><testcase classname="tests.test_p2_endpoints" name="test_registry_discover_all" time="4.284" /><testcase classname="tests.test_p2_endpoints" name="test_runtime_state" time="0.100" /><testcase classname="tests.test_p2_endpoints" name="test_runtime_override_employee_forbidden" time="0.124" /><testcase classname="tests.test_p2_endpoints" name="test_runtime_override_admin_ok" time="0.101" /><testcase classname="tests.test_p2_endpoints" name="test_events_emit_and_verify" time="0.218" /><testcase classname="tests.test_p2_endpoints" name="test_events_verify_tampered" time="0.281" /><testcase classname="tests.test_p2_endpoints" name="test_learning_proposal_draft_and_approve" time="0.421" /><testcase classname="tests.test_p2_endpoints" name="test_finance_loop" time="0.097" /><testcase classname="tests.test_p2_endpoints" name="test_people_loop" time="0.101" /><testcase classname="tests.test_p2_endpoints" name="test_regression_command_center" time="0.105" /><testcase classname="tests.test_p2_endpoints" name="test_regression_registry_repos" time="0.102" /><testcase classname="tests.test_p2_endpoints" name="test_regression_notarizations" time="0.101" /><testcase classname="tests.test_p2_endpoints" name="test_regression_contracts" time="0.101" /><testcase classname="tests.test_p2_endpoints" name="test_regression_adapter_laurentia" time="0.230" /><testcase classname="tests.test_p2_endpoints" name="test_regression_adapter_wallet" time="0.191" /></testsuite></testsuites>